
  .   ____          _            __ _ _
 /\\ / ___'_ __ _ _(_)_ __  __ _ \ \ \ \
( ( )\___ | '_ | '_| | '_ \/ _` | \ \ \ \
 \\/  ___)| |_)| | | | | || (_| |  ) ) ) )
  '  |____| .__|_| |_|_| |_\__, | / / / /
 =========|_|==============|___/=/_/_/_/
 :: Spring Boot ::                (v3.2.5)

2026-05-14T15:24:03.355Z  INFO 575399 --- [api-gateway] [           main] c.agrima.gateway.ApiGatewayApplication   : Starting ApiGatewayApplication using Java 21.0.10 with PID 575399 (/app/backend/api-gateway/target/api-gateway-0.0.1-SNAPSHOT.jar started by jules in /app)
2026-05-14T15:24:03.359Z  INFO 575399 --- [api-gateway] [           main] c.agrima.gateway.ApiGatewayApplication   : No active profile set, falling back to 1 default profile: "default"
2026-05-14T15:24:08.288Z  INFO 575399 --- [api-gateway] [           main] o.s.cloud.context.scope.GenericScope     : BeanFactory id=0f9bacea-ba13-3da7-a074-ec3d88c03139
2026-05-14T15:24:09.994Z  INFO 575399 --- [api-gateway] [           main] ctiveUserDetailsServiceAutoConfiguration :

Using generated security password: 99024a17-7f3b-4196-baec-057f70bc7c4b

2026-05-14T15:24:12.234Z  INFO 575399 --- [api-gateway] [           main] o.s.c.g.r.RouteDefinitionRouteLocator    : Loaded RoutePredicateFactory [After]
2026-05-14T15:24:12.235Z  INFO 575399 --- [api-gateway] [           main] o.s.c.g.r.RouteDefinitionRouteLocator    : Loaded RoutePredicateFactory [Before]
2026-05-14T15:24:12.235Z  INFO 575399 --- [api-gateway] [           main] o.s.c.g.r.RouteDefinitionRouteLocator    : Loaded RoutePredicateFactory [Between]
2026-05-14T15:24:12.235Z  INFO 575399 --- [api-gateway] [           main] o.s.c.g.r.RouteDefinitionRouteLocator    : Loaded RoutePredicateFactory [Cookie]
2026-05-14T15:24:12.235Z  INFO 575399 --- [api-gateway] [           main] o.s.c.g.r.RouteDefinitionRouteLocator    : Loaded RoutePredicateFactory [Header]
2026-05-14T15:24:12.235Z  INFO 575399 --- [api-gateway] [           main] o.s.c.g.r.RouteDefinitionRouteLocator    : Loaded RoutePredicateFactory [Host]
2026-05-14T15:24:12.235Z  INFO 575399 --- [api-gateway] [           main] o.s.c.g.r.RouteDefinitionRouteLocator    : Loaded RoutePredicateFactory [Method]
2026-05-14T15:24:12.235Z  INFO 575399 --- [api-gateway] [           main] o.s.c.g.r.RouteDefinitionRouteLocator    : Loaded RoutePredicateFactory [Path]
2026-05-14T15:24:12.235Z  INFO 575399 --- [api-gateway] [           main] o.s.c.g.r.RouteDefinitionRouteLocator    : Loaded RoutePredicateFactory [Query]
2026-05-14T15:24:12.243Z  INFO 575399 --- [api-gateway] [           main] o.s.c.g.r.RouteDefinitionRouteLocator    : Loaded RoutePredicateFactory [ReadBody]
2026-05-14T15:24:12.244Z  INFO 575399 --- [api-gateway] [           main] o.s.c.g.r.RouteDefinitionRouteLocator    : Loaded RoutePredicateFactory [RemoteAddr]
2026-05-14T15:24:12.244Z  INFO 575399 --- [api-gateway] [           main] o.s.c.g.r.RouteDefinitionRouteLocator    : Loaded RoutePredicateFactory [XForwardedRemoteAddr]
2026-05-14T15:24:12.244Z  INFO 575399 --- [api-gateway] [           main] o.s.c.g.r.RouteDefinitionRouteLocator    : Loaded RoutePredicateFactory [Weight]
2026-05-14T15:24:12.244Z  INFO 575399 --- [api-gateway] [           main] o.s.c.g.r.RouteDefinitionRouteLocator    : Loaded RoutePredicateFactory [CloudFoundryRouteService]
2026-05-14T15:24:13.031Z  INFO 575399 --- [api-gateway] [           main] o.s.b.a.e.web.EndpointLinksResolver      : Exposing 1 endpoint(s) beneath base path '/actuator'
2026-05-14T15:24:14.173Z  INFO 575399 --- [api-gateway] [           main] o.s.b.web.embedded.netty.NettyWebServer  : Netty started on port 8080
2026-05-14T15:24:14.344Z  INFO 575399 --- [api-gateway] [           main] c.agrima.gateway.ApiGatewayApplication   : Started ApiGatewayApplication in 12.844 seconds (process running for 14.42)
