
  .   ____          _            __ _ _
 /\\ / ___'_ __ _ _(_)_ __  __ _ \ \ \ \
( ( )\___ | '_ | '_| | '_ \/ _` | \ \ \ \
 \\/  ___)| |_)| | | | | || (_| |  ) ) ) )
  '  |____| .__|_| |_|_| |_\__, | / / / /
 =========|_|==============|___/=/_/_/_/
 :: Spring Boot ::                (v3.2.5)

2026-05-14T15:22:24.356Z  INFO 561675 --- [order-service] [           main] c.agrima.order.OrderServiceApplication   : Starting OrderServiceApplication using Java 21.0.10 with PID 561675 (/app/backend/order-service/target/order-service-0.0.1-SNAPSHOT.jar started by jules in /app)
2026-05-14T15:22:24.372Z  INFO 561675 --- [order-service] [           main] c.agrima.order.OrderServiceApplication   : No active profile set, falling back to 1 default profile: "default"
2026-05-14T15:22:32.399Z  INFO 561675 --- [order-service] [           main] .s.d.r.c.RepositoryConfigurationDelegate : Bootstrapping Spring Data JPA repositories in DEFAULT mode.
2026-05-14T15:22:33.295Z  INFO 561675 --- [order-service] [           main] .s.d.r.c.RepositoryConfigurationDelegate : Finished Spring Data repository scanning in 850 ms. Found 1 JPA repository interface.
2026-05-14T15:22:34.379Z  INFO 561675 --- [order-service] [           main] faultConfiguringBeanFactoryPostProcessor : No bean named 'errorChannel' has been explicitly defined. Therefore, a default PublishSubscribeChannel will be created.
2026-05-14T15:22:34.428Z  INFO 561675 --- [order-service] [           main] faultConfiguringBeanFactoryPostProcessor : No bean named 'integrationHeaderChannelRegistry' has been explicitly defined. Therefore, a default DefaultHeaderChannelRegistry will be created.
2026-05-14T15:22:34.980Z  INFO 561675 --- [order-service] [           main] o.s.cloud.context.scope.GenericScope     : BeanFactory id=7e194ba1-47e8-3c77-9df0-5826e6e615a1
2026-05-14T15:22:39.098Z  INFO 561675 --- [order-service] [           main] o.s.b.w.embedded.tomcat.TomcatWebServer  : Tomcat initialized with port 8084 (http)
2026-05-14T15:22:39.161Z  INFO 561675 --- [order-service] [           main] o.apache.catalina.core.StandardService   : Starting service [Tomcat]
2026-05-14T15:22:39.161Z  INFO 561675 --- [order-service] [           main] o.apache.catalina.core.StandardEngine    : Starting Servlet engine: [Apache Tomcat/10.1.20]
2026-05-14T15:22:39.311Z  INFO 561675 --- [order-service] [           main] o.a.c.c.C.[Tomcat].[localhost].[/]       : Initializing Spring embedded WebApplicationContext
2026-05-14T15:22:39.325Z  INFO 561675 --- [order-service] [           main] w.s.c.ServletWebServerApplicationContext : Root WebApplicationContext: initialization completed in 14597 ms
2026-05-14T15:22:40.648Z  INFO 561675 --- [order-service] [           main] o.hibernate.jpa.internal.util.LogHelper  : HHH000204: Processing PersistenceUnitInfo [name: default]
2026-05-14T15:22:40.818Z  INFO 561675 --- [order-service] [           main] org.hibernate.Version                    : HHH000412: Hibernate ORM core version 6.4.4.Final
2026-05-14T15:22:40.980Z  INFO 561675 --- [order-service] [           main] o.h.c.internal.RegionFactoryInitiator    : HHH000026: Second-level cache disabled
2026-05-14T15:22:41.832Z  INFO 561675 --- [order-service] [           main] o.s.o.j.p.SpringPersistenceUnitInfo      : No LoadTimeWeaver setup: ignoring JPA class transformer
2026-05-14T15:22:41.926Z  INFO 561675 --- [order-service] [           main] com.zaxxer.hikari.HikariDataSource       : HikariPool-1 - Starting...
2026-05-14T15:22:42.653Z  INFO 561675 --- [order-service] [           main] com.zaxxer.hikari.pool.HikariPool        : HikariPool-1 - Added connection conn0: url=jdbc:h2:mem:order_service_db user=SA
2026-05-14T15:22:42.655Z  INFO 561675 --- [order-service] [           main] com.zaxxer.hikari.HikariDataSource       : HikariPool-1 - Start completed.
2026-05-14T15:22:42.701Z  WARN 561675 --- [order-service] [           main] org.hibernate.orm.deprecation            : HHH90000025: H2Dialect does not need to be specified explicitly using 'hibernate.dialect' (remove the property setting and it will be selected by default)
2026-05-14T15:22:45.596Z  INFO 561675 --- [order-service] [           main] o.h.e.t.j.p.i.JtaPlatformInitiator       : HHH000489: No JTA platform available (set 'hibernate.transaction.jta.platform' to enable JTA platform integration)
2026-05-14T15:22:45.802Z  INFO 561675 --- [order-service] [           main] j.LocalContainerEntityManagerFactoryBean : Initialized JPA EntityManagerFactory for persistence unit 'default'
2026-05-14T15:22:48.464Z  WARN 561675 --- [order-service] [           main] JpaBaseConfiguration$JpaWebConfiguration : spring.jpa.open-in-view is enabled by default. Therefore, database queries may be performed during view rendering. Explicitly configure spring.jpa.open-in-view to disable this warning
2026-05-14T15:22:49.351Z  WARN 561675 --- [order-service] [           main] .s.s.UserDetailsServiceAutoConfiguration :

Using generated security password: 538f6bc3-4c13-4b04-9d7a-8402c54ce449

This generated password is for development use only. Your security configuration must be updated before running your application in production.

2026-05-14T15:22:50.934Z  INFO 561675 --- [order-service] [           main] o.s.b.a.e.web.EndpointLinksResolver      : Exposing 1 endpoint(s) beneath base path '/actuator'
2026-05-14T15:22:51.261Z  INFO 561675 --- [order-service] [           main] o.s.s.web.DefaultSecurityFilterChain     : Will secure any request with [org.springframework.security.web.session.DisableEncodeUrlFilter@4f9871a2, org.springframework.security.web.context.request.async.WebAsyncManagerIntegrationFilter@353b5d86, org.springframework.security.web.context.SecurityContextHolderFilter@6d985720, org.springframework.security.web.header.HeaderWriterFilter@284e68ae, org.springframework.web.filter.CorsFilter@6d17cd8b, org.springframework.security.web.authentication.logout.LogoutFilter@a19fe87, org.springframework.security.web.savedrequest.RequestCacheAwareFilter@2810d9, org.springframework.security.web.servletapi.SecurityContextHolderAwareRequestFilter@3644d12a, org.springframework.security.web.authentication.AnonymousAuthenticationFilter@4ff7de80, org.springframework.security.web.access.ExceptionTranslationFilter@3b5d0c4d, org.springframework.security.web.access.intercept.AuthorizationFilter@67e03fe4]
2026-05-14T15:22:52.412Z  INFO 561675 --- [order-service] [           main] o.s.c.s.m.DirectWithAttributesChannel    : Channel 'order-service.paymentConfirmed-in-0' has 1 subscriber(s).
2026-05-14T15:22:53.192Z  INFO 561675 --- [order-service] [           main] DiscoveryClientOptionalArgsConfiguration : Eureka HTTP Client uses RestTemplate.
2026-05-14T15:22:53.355Z  WARN 561675 --- [order-service] [           main] iguration$LoadBalancerCaffeineWarnLogger : Spring Cloud LoadBalancer is currently working with the default cache. While this cache implementation is useful for development and tests, it's recommended to use Caffeine cache in production.You can switch to using Caffeine cache, by adding it and org.springframework.cache.caffeine.CaffeineCacheManager to the classpath.
2026-05-14T15:22:53.533Z  INFO 561675 --- [order-service] [           main] o.s.i.endpoint.EventDrivenConsumer       : Adding {logging-channel-adapter:_org.springframework.integration.errorLogger} as a subscriber to the 'errorChannel' channel
2026-05-14T15:22:53.534Z  INFO 561675 --- [order-service] [           main] o.s.i.channel.PublishSubscribeChannel    : Channel 'order-service.errorChannel' has 1 subscriber(s).
2026-05-14T15:22:53.534Z  INFO 561675 --- [order-service] [           main] o.s.i.endpoint.EventDrivenConsumer       : started bean '_org.springframework.integration.errorLogger'
2026-05-14T15:22:53.558Z  INFO 561675 --- [order-service] [           main] o.s.b.w.embedded.tomcat.TomcatWebServer  : Tomcat started on port 8084 (http) with context path ''
2026-05-14T15:22:53.561Z  INFO 561675 --- [order-service] [           main] o.s.c.s.binder.DefaultBinderFactory      : Creating binder: test
2026-05-14T15:22:53.562Z  INFO 561675 --- [order-service] [           main] o.s.c.s.binder.DefaultBinderFactory      : Constructing binder child context for test
2026-05-14T15:22:53.575Z  INFO 561675 --- [order-service] [           main] o.s.i.endpoint.EventDrivenConsumer       : Removing {logging-channel-adapter:_org.springframework.integration.errorLogger} as a subscriber to the 'errorChannel' channel
2026-05-14T15:22:53.575Z  INFO 561675 --- [order-service] [           main] o.s.i.channel.PublishSubscribeChannel    : Channel 'order-service.errorChannel' has 0 subscriber(s).
2026-05-14T15:22:53.575Z  INFO 561675 --- [order-service] [           main] o.s.i.endpoint.EventDrivenConsumer       : stopped bean '_org.springframework.integration.errorLogger'
2026-05-14T15:22:53.576Z  WARN 561675 --- [order-service] [           main] ConfigServletWebServerApplicationContext : Exception encountered during context initialization - cancelling refresh attempt: org.springframework.context.ApplicationContextException: Failed to start bean 'inputBindingLifecycle'
2026-05-14T15:22:53.587Z  INFO 561675 --- [order-service] [           main] j.LocalContainerEntityManagerFactoryBean : Closing JPA EntityManagerFactory for persistence unit 'default'
2026-05-14T15:22:53.589Z  INFO 561675 --- [order-service] [           main] com.zaxxer.hikari.HikariDataSource       : HikariPool-1 - Shutdown initiated...
2026-05-14T15:22:53.592Z  INFO 561675 --- [order-service] [           main] com.zaxxer.hikari.HikariDataSource       : HikariPool-1 - Shutdown completed.
2026-05-14T15:22:53.617Z  INFO 561675 --- [order-service] [           main] .s.b.a.l.ConditionEvaluationReportLogger :

Error starting ApplicationContext. To display the condition evaluation report re-run your application with 'debug' enabled.
2026-05-14T15:22:53.639Z ERROR 561675 --- [order-service] [           main] o.s.boot.SpringApplication               : Application run failed

org.springframework.context.ApplicationContextException: Failed to start bean 'inputBindingLifecycle'
	at org.springframework.context.support.DefaultLifecycleProcessor.doStart(DefaultLifecycleProcessor.java:291) ~[spring-context-6.1.6.jar!/:6.1.6]
	at org.springframework.context.support.DefaultLifecycleProcessor$LifecycleGroup.start(DefaultLifecycleProcessor.java:471) ~[spring-context-6.1.6.jar!/:6.1.6]
	at java.base/java.lang.Iterable.forEach(Iterable.java:75) ~[na:na]
	at org.springframework.context.support.DefaultLifecycleProcessor.startBeans(DefaultLifecycleProcessor.java:260) ~[spring-context-6.1.6.jar!/:6.1.6]
	at org.springframework.context.support.DefaultLifecycleProcessor.onRefresh(DefaultLifecycleProcessor.java:205) ~[spring-context-6.1.6.jar!/:6.1.6]
	at org.springframework.context.support.AbstractApplicationContext.finishRefresh(AbstractApplicationContext.java:981) ~[spring-context-6.1.6.jar!/:6.1.6]
	at org.springframework.context.support.AbstractApplicationContext.refresh(AbstractApplicationContext.java:627) ~[spring-context-6.1.6.jar!/:6.1.6]
	at org.springframework.boot.web.servlet.context.ServletWebServerApplicationContext.refresh(ServletWebServerApplicationContext.java:146) ~[spring-boot-3.2.5.jar!/:3.2.5]
	at org.springframework.boot.SpringApplication.refresh(SpringApplication.java:754) ~[spring-boot-3.2.5.jar!/:3.2.5]
	at org.springframework.boot.SpringApplication.refreshContext(SpringApplication.java:456) ~[spring-boot-3.2.5.jar!/:3.2.5]
	at org.springframework.boot.SpringApplication.run(SpringApplication.java:334) ~[spring-boot-3.2.5.jar!/:3.2.5]
	at org.springframework.boot.SpringApplication.run(SpringApplication.java:1354) ~[spring-boot-3.2.5.jar!/:3.2.5]
	at org.springframework.boot.SpringApplication.run(SpringApplication.java:1343) ~[spring-boot-3.2.5.jar!/:3.2.5]
	at com.agrima.order.OrderServiceApplication.main(OrderServiceApplication.java:11) ~[!/:na]
	at java.base/jdk.internal.reflect.DirectMethodHandleAccessor.invoke(DirectMethodHandleAccessor.java:103) ~[na:na]
	at java.base/java.lang.reflect.Method.invoke(Method.java:580) ~[na:na]
	at org.springframework.boot.loader.launch.Launcher.launch(Launcher.java:91) ~[order-service-0.0.1-SNAPSHOT.jar:na]
	at org.springframework.boot.loader.launch.Launcher.launch(Launcher.java:53) ~[order-service-0.0.1-SNAPSHOT.jar:na]
	at org.springframework.boot.loader.launch.JarLauncher.main(JarLauncher.java:58) ~[order-service-0.0.1-SNAPSHOT.jar:na]
Caused by: java.lang.IllegalStateException: Unknown binder configuration: test
	at org.springframework.util.Assert.state(Assert.java:76) ~[spring-core-6.1.6.jar!/:6.1.6]
	at org.springframework.cloud.stream.binder.DefaultBinderFactory.getBinderInstance(DefaultBinderFactory.java:347) ~[spring-cloud-stream-4.1.4.jar!/:4.1.4]
	at org.springframework.cloud.stream.binder.DefaultBinderFactory.doGetBinderConventional(DefaultBinderFactory.java:292) ~[spring-cloud-stream-4.1.4.jar!/:4.1.4]
	at org.springframework.cloud.stream.binder.DefaultBinderFactory.doGetBinder(DefaultBinderFactory.java:181) ~[spring-cloud-stream-4.1.4.jar!/:4.1.4]
	at org.springframework.cloud.stream.binder.DefaultBinderFactory.getBinder(DefaultBinderFactory.java:168) ~[spring-cloud-stream-4.1.4.jar!/:4.1.4]
	at org.springframework.cloud.stream.binding.BindingService.getBinder(BindingService.java:419) ~[spring-cloud-stream-4.1.4.jar!/:4.1.4]
	at org.springframework.cloud.stream.binding.BindingService.bindConsumer(BindingService.java:108) ~[spring-cloud-stream-4.1.4.jar!/:4.1.4]
	at org.springframework.cloud.stream.binding.AbstractBindableProxyFactory.createAndBindInputs(AbstractBindableProxyFactory.java:98) ~[spring-cloud-stream-4.1.4.jar!/:4.1.4]
	at org.springframework.cloud.stream.binding.InputBindingLifecycle.doStartWithBindable(InputBindingLifecycle.java:58) ~[spring-cloud-stream-4.1.4.jar!/:4.1.4]
	at java.base/java.util.LinkedHashMap$LinkedValues.forEach(LinkedHashMap.java:833) ~[na:na]
	at org.springframework.cloud.stream.binding.AbstractBindingLifecycle.start(AbstractBindingLifecycle.java:59) ~[spring-cloud-stream-4.1.4.jar!/:4.1.4]
	at org.springframework.context.support.DefaultLifecycleProcessor.doStart(DefaultLifecycleProcessor.java:288) ~[spring-context-6.1.6.jar!/:6.1.6]
	... 18 common frames omitted
