
  .   ____          _            __ _ _
 /\\ / ___'_ __ _ _(_)_ __  __ _ \ \ \ \
( ( )\___ | '_ | '_| | '_ \/ _` | \ \ \ \
 \\/  ___)| |_)| | | | | || (_| |  ) ) ) )
  '  |____| .__|_| |_|_| |_\__, | / / / /
 =========|_|==============|___/=/_/_/_/
 :: Spring Boot ::                (v3.2.5)

2026-05-14T15:24:03.571Z  INFO 575398 --- [product-service] [           main] c.a.product.ProductServiceApplication    : Starting ProductServiceApplication using Java 21.0.10 with PID 575398 (/app/backend/product-service/target/product-service-0.0.1-SNAPSHOT.jar started by jules in /app)
2026-05-14T15:24:03.598Z  INFO 575398 --- [product-service] [           main] c.a.product.ProductServiceApplication    : No active profile set, falling back to 1 default profile: "default"
2026-05-14T15:24:08.441Z  INFO 575398 --- [product-service] [           main] .s.d.r.c.RepositoryConfigurationDelegate : Bootstrapping Spring Data JPA repositories in DEFAULT mode.
2026-05-14T15:24:09.047Z  INFO 575398 --- [product-service] [           main] .s.d.r.c.RepositoryConfigurationDelegate : Finished Spring Data repository scanning in 579 ms. Found 4 JPA repository interfaces.
2026-05-14T15:24:10.011Z  INFO 575398 --- [product-service] [           main] o.s.cloud.context.scope.GenericScope     : BeanFactory id=9f5ea8cc-8478-345b-bfc7-aa5afd6555d8
2026-05-14T15:24:12.523Z  INFO 575398 --- [product-service] [           main] o.s.b.w.embedded.tomcat.TomcatWebServer  : Tomcat initialized with port 8081 (http)
2026-05-14T15:24:12.560Z  INFO 575398 --- [product-service] [           main] o.apache.catalina.core.StandardService   : Starting service [Tomcat]
2026-05-14T15:24:12.561Z  INFO 575398 --- [product-service] [           main] o.apache.catalina.core.StandardEngine    : Starting Servlet engine: [Apache Tomcat/10.1.20]
2026-05-14T15:24:12.726Z  INFO 575398 --- [product-service] [           main] o.a.c.c.C.[Tomcat].[localhost].[/]       : Initializing Spring embedded WebApplicationContext
2026-05-14T15:24:12.748Z  INFO 575398 --- [product-service] [           main] w.s.c.ServletWebServerApplicationContext : Root WebApplicationContext: initialization completed in 8787 ms
2026-05-14T15:24:13.481Z  INFO 575398 --- [product-service] [           main] com.zaxxer.hikari.HikariDataSource       : HikariPool-1 - Starting...
2026-05-14T15:24:14.180Z  INFO 575398 --- [product-service] [           main] com.zaxxer.hikari.pool.HikariPool        : HikariPool-1 - Added connection conn0: url=jdbc:h2:mem:product_db user=SA
2026-05-14T15:24:14.186Z  INFO 575398 --- [product-service] [           main] com.zaxxer.hikari.HikariDataSource       : HikariPool-1 - Start completed.
2026-05-14T15:24:14.219Z  INFO 575398 --- [product-service] [           main] o.s.b.a.h2.H2ConsoleAutoConfiguration    : H2 console available at '/h2-console'. Database available at 'jdbc:h2:mem:product_db'
2026-05-14T15:24:15.242Z  INFO 575398 --- [product-service] [           main] o.hibernate.jpa.internal.util.LogHelper  : HHH000204: Processing PersistenceUnitInfo [name: default]
2026-05-14T15:24:15.565Z  INFO 575398 --- [product-service] [           main] org.hibernate.Version                    : HHH000412: Hibernate ORM core version 6.4.4.Final
2026-05-14T15:24:15.670Z  INFO 575398 --- [product-service] [           main] o.h.c.internal.RegionFactoryInitiator    : HHH000026: Second-level cache disabled
2026-05-14T15:24:16.480Z  INFO 575398 --- [product-service] [           main] o.s.o.j.p.SpringPersistenceUnitInfo      : No LoadTimeWeaver setup: ignoring JPA class transformer
2026-05-14T15:24:16.690Z  WARN 575398 --- [product-service] [           main] org.hibernate.orm.deprecation            : HHH90000025: H2Dialect does not need to be specified explicitly using 'hibernate.dialect' (remove the property setting and it will be selected by default)
2026-05-14T15:24:21.197Z  INFO 575398 --- [product-service] [           main] o.h.e.t.j.p.i.JtaPlatformInitiator       : HHH000489: No JTA platform available (set 'hibernate.transaction.jta.platform' to enable JTA platform integration)
Hibernate: create table categories (id bigint generated by default as identity, description varchar(255), icone varchar(255), nom varchar(255), parent_id bigint, primary key (id))
Hibernate: create table products (id bigint generated by default as identity, date_recolte date, description varchar(255), est_bio boolean not null, est_de_saison boolean not null, nom varchar(255), note_moyenne float(53) not null, prix numeric(38,2), producteur_id bigint, stock integer not null, stock_minimal integer not null, unite varchar(255), category_id bigint, primary key (id))
Hibernate: create table review_responses (id bigint generated by default as identity, auteur_id bigint, commentaire varchar(255), date timestamp(6), review_id bigint, primary key (id))
Hibernate: create table reviews (id bigint generated by default as identity, commentaire varchar(255), date timestamp(6), note integer not null, verifie_achat boolean not null, product_id bigint, primary key (id))
Hibernate: alter table if exists categories add constraint FKsaok720gsu4u2wrgbk10b5n8d foreign key (parent_id) references categories
Hibernate: alter table if exists products add constraint FKog2rp4qthbtt2lfyhfo32lsw9 foreign key (category_id) references categories
Hibernate: alter table if exists review_responses add constraint FKgpf1f9hvtterlrnytx65nto9n foreign key (review_id) references reviews
Hibernate: alter table if exists reviews add constraint FKpl51cejpw4gy5swfar8br9ngi foreign key (product_id) references products
2026-05-14T15:24:21.460Z  INFO 575398 --- [product-service] [           main] j.LocalContainerEntityManagerFactoryBean : Initialized JPA EntityManagerFactory for persistence unit 'default'
2026-05-14T15:24:23.106Z  WARN 575398 --- [product-service] [           main] JpaBaseConfiguration$JpaWebConfiguration : spring.jpa.open-in-view is enabled by default. Therefore, database queries may be performed during view rendering. Explicitly configure spring.jpa.open-in-view to disable this warning
2026-05-14T15:24:23.217Z  WARN 575398 --- [product-service] [           main] .s.s.UserDetailsServiceAutoConfiguration :

Using generated security password: 48735b10-05b4-4fa5-9d41-3d1b5e522622

This generated password is for development use only. Your security configuration must be updated before running your application in production.

2026-05-14T15:24:26.400Z  INFO 575398 --- [product-service] [           main] o.s.b.a.e.web.EndpointLinksResolver      : Exposing 1 endpoint(s) beneath base path '/actuator'
2026-05-14T15:24:26.733Z  INFO 575398 --- [product-service] [           main] o.s.s.web.DefaultSecurityFilterChain     : Will secure any request with [org.springframework.security.web.session.DisableEncodeUrlFilter@7cc5bdbd, org.springframework.security.web.context.request.async.WebAsyncManagerIntegrationFilter@33c5cc0, org.springframework.security.web.context.SecurityContextHolderFilter@349469db, org.springframework.security.web.header.HeaderWriterFilter@2f29046b, org.springframework.web.filter.CorsFilter@664c411d, org.springframework.security.web.authentication.logout.LogoutFilter@5d267575, org.springframework.security.web.savedrequest.RequestCacheAwareFilter@1f7653ae, org.springframework.security.web.servletapi.SecurityContextHolderAwareRequestFilter@3af17313, org.springframework.security.web.authentication.AnonymousAuthenticationFilter@7641d70, org.springframework.security.web.access.ExceptionTranslationFilter@2aa85cc4, org.springframework.security.web.access.intercept.AuthorizationFilter@2da273b3]
2026-05-14T15:24:29.021Z  INFO 575398 --- [product-service] [           main] DiscoveryClientOptionalArgsConfiguration : Eureka HTTP Client uses RestTemplate.
2026-05-14T15:24:29.353Z  WARN 575398 --- [product-service] [           main] iguration$LoadBalancerCaffeineWarnLogger : Spring Cloud LoadBalancer is currently working with the default cache. While this cache implementation is useful for development and tests, it's recommended to use Caffeine cache in production.You can switch to using Caffeine cache, by adding it and org.springframework.cache.caffeine.CaffeineCacheManager to the classpath.
2026-05-14T15:24:29.608Z  INFO 575398 --- [product-service] [           main] o.s.b.w.embedded.tomcat.TomcatWebServer  : Tomcat started on port 8081 (http) with context path ''
2026-05-14T15:24:29.663Z  INFO 575398 --- [product-service] [           main] c.a.product.ProductServiceApplication    : Started ProductServiceApplication in 27.982 seconds (process running for 29.741)
2026-05-14T15:25:00.740Z  INFO 575398 --- [product-service] [0.0-8081-exec-1] o.a.c.c.C.[Tomcat].[localhost].[/]       : Initializing Spring DispatcherServlet 'dispatcherServlet'
2026-05-14T15:25:00.741Z  INFO 575398 --- [product-service] [0.0-8081-exec-1] o.s.web.servlet.DispatcherServlet        : Initializing Servlet 'dispatcherServlet'
2026-05-14T15:25:00.743Z  INFO 575398 --- [product-service] [0.0-8081-exec-1] o.s.web.servlet.DispatcherServlet        : Completed initialization in 2 ms
Hibernate: select p1_0.id,p1_0.category_id,p1_0.date_recolte,p1_0.description,p1_0.est_bio,p1_0.est_de_saison,p1_0.nom,p1_0.note_moyenne,p1_0.prix,p1_0.producteur_id,p1_0.stock,p1_0.stock_minimal,p1_0.unite from products p1_0
