
  .   ____          _            __ _ _
 /\\ / ___'_ __ _ _(_)_ __  __ _ \ \ \ \
( ( )\___ | '_ | '_| | '_ \/ _` | \ \ \ \
 \\/  ___)| |_)| | | | | || (_| |  ) ) ) )
  '  |____| .__|_| |_|_| |_\__, | / / / /
 =========|_|==============|___/=/_/_/_/
 :: Spring Boot ::                (v3.2.5)

2026-05-14T15:24:03.365Z  INFO 575397 --- [user-service] [           main] com.agrima.user.UserServiceApplication   : Starting UserServiceApplication using Java 21.0.10 with PID 575397 (/app/backend/user-service/target/user-service-0.0.1-SNAPSHOT.jar started by jules in /app)
2026-05-14T15:24:03.374Z  INFO 575397 --- [user-service] [           main] com.agrima.user.UserServiceApplication   : No active profile set, falling back to 1 default profile: "default"
2026-05-14T15:24:08.457Z  INFO 575397 --- [user-service] [           main] .s.d.r.c.RepositoryConfigurationDelegate : Bootstrapping Spring Data JPA repositories in DEFAULT mode.
2026-05-14T15:24:09.030Z  INFO 575397 --- [user-service] [           main] .s.d.r.c.RepositoryConfigurationDelegate : Finished Spring Data repository scanning in 559 ms. Found 3 JPA repository interfaces.
2026-05-14T15:24:09.905Z  INFO 575397 --- [user-service] [           main] o.s.cloud.context.scope.GenericScope     : BeanFactory id=51a0cbb7-03d1-3e49-8cb1-5c638a9093f8
2026-05-14T15:24:12.616Z  INFO 575397 --- [user-service] [           main] o.s.b.w.embedded.tomcat.TomcatWebServer  : Tomcat initialized with port 8082 (http)
2026-05-14T15:24:12.672Z  INFO 575397 --- [user-service] [           main] o.apache.catalina.core.StandardService   : Starting service [Tomcat]
2026-05-14T15:24:12.673Z  INFO 575397 --- [user-service] [           main] o.apache.catalina.core.StandardEngine    : Starting Servlet engine: [Apache Tomcat/10.1.20]
2026-05-14T15:24:12.824Z  INFO 575397 --- [user-service] [           main] o.a.c.c.C.[Tomcat].[localhost].[/]       : Initializing Spring embedded WebApplicationContext
2026-05-14T15:24:12.826Z  INFO 575397 --- [user-service] [           main] w.s.c.ServletWebServerApplicationContext : Root WebApplicationContext: initialization completed in 9054 ms
2026-05-14T15:24:13.470Z  INFO 575397 --- [user-service] [           main] com.zaxxer.hikari.HikariDataSource       : HikariPool-1 - Starting...
2026-05-14T15:24:14.376Z  INFO 575397 --- [user-service] [           main] com.zaxxer.hikari.pool.HikariPool        : HikariPool-1 - Added connection conn0: url=jdbc:h2:mem:user_db user=SA
2026-05-14T15:24:14.379Z  INFO 575397 --- [user-service] [           main] com.zaxxer.hikari.HikariDataSource       : HikariPool-1 - Start completed.
2026-05-14T15:24:14.441Z  INFO 575397 --- [user-service] [           main] o.s.b.a.h2.H2ConsoleAutoConfiguration    : H2 console available at '/h2-console'. Database available at 'jdbc:h2:mem:user_db'
2026-05-14T15:24:15.790Z  INFO 575397 --- [user-service] [           main] o.hibernate.jpa.internal.util.LogHelper  : HHH000204: Processing PersistenceUnitInfo [name: default]
2026-05-14T15:24:15.976Z  INFO 575397 --- [user-service] [           main] org.hibernate.Version                    : HHH000412: Hibernate ORM core version 6.4.4.Final
2026-05-14T15:24:16.124Z  INFO 575397 --- [user-service] [           main] o.h.c.internal.RegionFactoryInitiator    : HHH000026: Second-level cache disabled
2026-05-14T15:24:17.415Z  INFO 575397 --- [user-service] [           main] o.s.o.j.p.SpringPersistenceUnitInfo      : No LoadTimeWeaver setup: ignoring JPA class transformer
2026-05-14T15:24:17.761Z  WARN 575397 --- [user-service] [           main] org.hibernate.orm.deprecation            : HHH90000025: H2Dialect does not need to be specified explicitly using 'hibernate.dialect' (remove the property setting and it will be selected by default)
2026-05-14T15:24:22.930Z  INFO 575397 --- [user-service] [           main] o.h.e.t.j.p.i.JtaPlatformInitiator       : HHH000489: No JTA platform available (set 'hibernate.transaction.jta.platform' to enable JTA platform integration)
Hibernate: create table actions_moderation (id bigint generated by default as identity, date_action timestamp(6) not null, description varchar(255), moderateur_id bigint, raison varchar(255), statut varchar(255) not null, type varchar(255) not null, utilisateur_id bigint not null, primary key (id))
Hibernate: create table addresses (id bigint generated by default as identity, code_postal varchar(255), ligne1 varchar(255), ligne2 varchar(255), par_defaut boolean not null, pays varchar(255), ville varchar(255), user_id bigint, primary key (id))
Hibernate: create table users (id bigint generated by default as identity, actif boolean not null, auth_user_id bigint, date_inscription timestamp(6), email varchar(255), first_name varchar(255), last_name varchar(255), langue varchar(255), newsletter boolean, notifications_produit boolean, telephone varchar(255), primary key (id))
Hibernate: create table utilisateur_certifications (utilisateur_id bigint not null, certification varchar(255))
Hibernate: create table utilisateur_tags (utilisateur_id bigint not null, tag varchar(255))
Hibernate: create table utilisateurs (id bigint generated by default as identity, actif boolean not null, date_blocage timestamp(6), date_inscription timestamp(6), date_suspension timestamp(6), derniere_activite timestamp(6), duree_suspension integer, email varchar(255) not null, localisation varchar(255), nb_signalements integer, nom varchar(255), nom_exploitation varchar(255), note float(53), plaque_immatriculation varchar(255), portefeuille varchar(255), langue varchar(255), newsletter boolean, notifications_produit boolean, prenom varchar(255), role varchar(255) not null, score_confiance integer, siret varchar(255), statut varchar(255) not null, telephone varchar(255), vehicule varchar(255), primary key (id))
Hibernate: alter table if exists utilisateurs drop constraint if exists UK_6ldvumu3hqvnmmxy1b6lsxwqy
Hibernate: alter table if exists utilisateurs add constraint UK_6ldvumu3hqvnmmxy1b6lsxwqy unique (email)
Hibernate: alter table if exists actions_moderation add constraint FKa9yc87jmoxbk2n42a13ph9tii foreign key (utilisateur_id) references utilisateurs
Hibernate: alter table if exists addresses add constraint FK1fa36y2oqhao3wgg2rw1pi459 foreign key (user_id) references users
Hibernate: alter table if exists utilisateur_certifications add constraint FKfd5qr49a81ptpi0t6dnfetqwv foreign key (utilisateur_id) references utilisateurs
Hibernate: alter table if exists utilisateur_tags add constraint FKi24ugqs5fqfpnprbn83wqylt0 foreign key (utilisateur_id) references utilisateurs
2026-05-14T15:24:23.176Z  INFO 575397 --- [user-service] [           main] j.LocalContainerEntityManagerFactoryBean : Initialized JPA EntityManagerFactory for persistence unit 'default'
2026-05-14T15:24:24.965Z  INFO 575397 --- [user-service] [           main] o.s.d.j.r.query.QueryEnhancerFactory     : Hibernate is in classpath; If applicable, HQL parser will be used.
2026-05-14T15:24:28.509Z  WARN 575397 --- [user-service] [           main] JpaBaseConfiguration$JpaWebConfiguration : spring.jpa.open-in-view is enabled by default. Therefore, database queries may be performed during view rendering. Explicitly configure spring.jpa.open-in-view to disable this warning
2026-05-14T15:24:28.772Z  WARN 575397 --- [user-service] [           main] .s.s.UserDetailsServiceAutoConfiguration :

Using generated security password: 4450eb96-9178-49a7-b988-63a59a52a1fe

This generated password is for development use only. Your security configuration must be updated before running your application in production.

2026-05-14T15:24:30.183Z  INFO 575397 --- [user-service] [           main] o.s.b.a.e.web.EndpointLinksResolver      : Exposing 1 endpoint(s) beneath base path '/actuator'
2026-05-14T15:24:30.293Z  INFO 575397 --- [user-service] [           main] o.s.s.web.DefaultSecurityFilterChain     : Will secure any request with [org.springframework.security.web.session.DisableEncodeUrlFilter@1f93cdc0, org.springframework.security.web.context.request.async.WebAsyncManagerIntegrationFilter@162807e5, org.springframework.security.web.context.SecurityContextHolderFilter@7e2723d2, org.springframework.security.web.header.HeaderWriterFilter@4e42beba, org.springframework.web.filter.CorsFilter@66b8f244, org.springframework.security.web.authentication.logout.LogoutFilter@3ca1a69b, org.springframework.security.web.savedrequest.RequestCacheAwareFilter@3ee9eaa7, org.springframework.security.web.servletapi.SecurityContextHolderAwareRequestFilter@46c33614, org.springframework.security.web.authentication.AnonymousAuthenticationFilter@1161786f, org.springframework.security.web.access.ExceptionTranslationFilter@4dafea3f, org.springframework.security.web.access.intercept.AuthorizationFilter@bb4fc7d]
2026-05-14T15:24:30.944Z  INFO 575397 --- [user-service] [           main] DiscoveryClientOptionalArgsConfiguration : Eureka HTTP Client uses RestTemplate.
2026-05-14T15:24:31.032Z  WARN 575397 --- [user-service] [           main] iguration$LoadBalancerCaffeineWarnLogger : Spring Cloud LoadBalancer is currently working with the default cache. While this cache implementation is useful for development and tests, it's recommended to use Caffeine cache in production.You can switch to using Caffeine cache, by adding it and org.springframework.cache.caffeine.CaffeineCacheManager to the classpath.
2026-05-14T15:24:31.120Z  INFO 575397 --- [user-service] [           main] o.s.b.w.embedded.tomcat.TomcatWebServer  : Tomcat started on port 8082 (http) with context path ''
2026-05-14T15:24:31.143Z  INFO 575397 --- [user-service] [           main] com.agrima.user.UserServiceApplication   : Started UserServiceApplication in 29.498 seconds (process running for 31.22)
2026-05-14T15:25:00.337Z  INFO 575397 --- [user-service] [0.0-8082-exec-1] o.a.c.c.C.[Tomcat].[localhost].[/]       : Initializing Spring DispatcherServlet 'dispatcherServlet'
2026-05-14T15:25:00.338Z  INFO 575397 --- [user-service] [0.0-8082-exec-1] o.s.web.servlet.DispatcherServlet        : Initializing Servlet 'dispatcherServlet'
2026-05-14T15:25:00.340Z  INFO 575397 --- [user-service] [0.0-8082-exec-1] o.s.web.servlet.DispatcherServlet        : Completed initialization in 2 ms
Hibernate: select u1_0.id,u1_0.actif,u1_0.date_blocage,u1_0.date_inscription,u1_0.date_suspension,u1_0.derniere_activite,u1_0.duree_suspension,u1_0.email,u1_0.localisation,u1_0.nb_signalements,u1_0.nom,u1_0.nom_exploitation,u1_0.note,u1_0.plaque_immatriculation,u1_0.portefeuille,u1_0.langue,u1_0.newsletter,u1_0.notifications_produit,u1_0.prenom,u1_0.role,u1_0.score_confiance,u1_0.siret,u1_0.statut,u1_0.telephone,u1_0.vehicule from utilisateurs u1_0
